-------------------------------------------------------------------------------
Test set: AssignmentTests
-------------------------------------------------------------------------------
Tests run: 5, Failures: 5, Errors: 0, Skipped: 0, Time elapsed: 0.379 s <<< FAILURE! - in AssignmentTests
test_addAssignment_invalidId_fails  Time elapsed: 0.166 s  <<< FAILURE!
org.opentest4j.AssertionFailedError: expected: <1> but was: <0>
	at AssignmentTests.test_addAssignment_invalidId_fails(AssignmentTests.java:62)

test_addAssignment_invalidStartline_fails  Time elapsed: 0.023 s  <<< FAILURE!
org.opentest4j.AssertionFailedError: expected: <1> but was: <0>
	at AssignmentTests.test_addAssignment_invalidStartline_fails(AssignmentTests.java:80)

test_addAssignment_validParameters_succeeds  Time elapsed: 0.118 s  <<< FAILURE!
org.opentest4j.AssertionFailedError: expected: <0> but was: <1>
	at AssignmentTests.test_addAssignment_validParameters_succeeds(AssignmentTests.java:86)

test_addAssignment_invalidDescriere_fails  Time elapsed: 0.028 s  <<< FAILURE!
org.opentest4j.AssertionFailedError: expected: <1> but was: <0>
	at AssignmentTests.test_addAssignment_invalidDescriere_fails(AssignmentTests.java:68)

test_addAssignment_invalidDeadline_fails  Time elapsed: 0.03 s  <<< FAILURE!
org.opentest4j.AssertionFailedError: expected: <1> but was: <0>
	at AssignmentTests.test_addAssignment_invalidDeadline_fails(AssignmentTests.java:74)

